  Using bundled DotNet SDK
  Log file: C:\UnrealEngine\Engine\Programs\UnrealBuildTool\Log.txt
  Using 'git status' to determine working set for adaptive non-unity build (D:\Programming\Server\SampleUnreal).
  Creating makefile for SampleUnrealClientEditor (no existing makefile)
  Creating makefile for UnrealHeaderTool (no existing makefile)
  Parsing headers for SampleUnrealClientEditor
    Running UnrealHeaderTool "D:\Programming\Server\SampleUnreal\SampleUnrealClient\SampleUnrealClient.uproject" "D:\Programming\Server\SampleUnreal\SampleUnrealClient\Intermediate\Build\Win64\SampleUnrealClientEditor\Development\SampleUnrealClientEditor.uhtmanifest" -LogCmds="loginit warning, logexit warning, logdatabase error" -Unattended -WarningsAsErrors -abslog="C:\UnrealEngine\Engine\Programs\UnrealBuildTool\Log_UHT.txt"
  Reflection code generated for SampleUnrealClientEditor in 2.8605787 seconds
  Creating makefile for ShaderCompileWorker (no existing makefile)
  Building SampleUnrealClientEditor and ShaderCompileWorker...
  Using Visual Studio 2019 14.29.30140 toolchain (C:\Program Files (x86)\Microsoft Visual Studio\2019\Community\VC\Tools\MSVC\14.29.30133) and Windows 10.0.19041.0 SDK (C:\Program Files (x86)\Windows Kits\10).
  Determining max actions to execute in parallel (6 physical cores, 6 logical cores)
    Executing up to 6 processes, one per physical core
  Building 7 actions with 6 processes...
  [1/7] Compile SampleUnrealClient.init.gen.cpp
  [2/7] Compile SampleUnrealClient.cpp
  [3/7] Compile SampleUnrealClientGameModeBase.gen.cpp
  [4/7] Compile SampleUnrealClientGameModeBase.cpp
  [5/7] Link UnrealEditor-SampleUnrealClient.lib
     D:\Programming\Server\SampleUnreal\SampleUnrealClient\Intermediate\Build\Win64\UnrealEditor\Development\SampleUnrealClient\UnrealEditor-SampleUnrealClient.lib 라이브러리 및 D:\Programming\Server\SampleUnreal\SampleUnrealClient\Intermediate\Build\Win64\UnrealEditor\Development\SampleUnrealClient\UnrealEditor-SampleUnrealClient.exp 개체를 생성하고 있습니다.
  [6/7] Link UnrealEditor-SampleUnrealClient.dll
     D:\Programming\Server\SampleUnreal\SampleUnrealClient\Intermediate\Build\Win64\UnrealEditor\Development\SampleUnrealClient\UnrealEditor-SampleUnrealClient.suppressed.lib 라이브러리 및 D:\Programming\Server\SampleUnreal\SampleUnrealClient\Intermediate\Build\Win64\UnrealEditor\Development\SampleUnrealClient\UnrealEditor-SampleUnrealClient.suppressed.exp 개체를 생성하고 있습니다.
  [7/7] WriteMetadata SampleUnrealClientEditor.target
  Total time in Parallel executor: 2.12 seconds
  Total execution time: 11.75 seconds
